ci-clean: menyiapkan worktree bersih dari HEAD -> /var/folders/bl/95y8zzh94c749n390s90ldzw0000gn/T//pramana-ci-clean-64824-1783625610
Preparing worktree (detached HEAD 490b353)
HEAD is now at 490b353 test(phase-3): suite hijau penuh di main, 18/18 dua run beruntun
== install (frozen-lockfile) ==
Lockfile is up to date, resolution step is skipped
Progress: resolved 1, reused 0, downloaded 0, added 0
Packages: +649
++++++++++++++++++++++++++++++++++++++++++++++++++++++++++++++++++++++++++++++++
Progress: resolved 649, reused 649, downloaded 0, added 186
Progress: resolved 649, reused 649, downloaded 0, added 450
Progress: resolved 649, reused 649, downloaded 0, added 648
Progress: resolved 649, reused 649, downloaded 0, added 649, done

dependencies:
+ @base-ui/react 1.6.0
+ @libsql/client 0.17.4
+ bcryptjs 3.0.3
+ class-variance-authority 0.7.1
+ clsx 2.1.1
+ drizzle-orm 0.45.2
+ iron-session 8.0.4
+ lucide-react 1.23.0
+ next 16.2.10
+ react 19.2.7
+ react-dom 19.2.7
+ shadcn 4.13.0
+ tailwind-merge 3.6.0
+ tw-animate-css 1.4.0
+ ulid 3.0.2
+ zod 4.4.3

devDependencies:
+ @axe-core/playwright 4.12.1
+ @playwright/test 1.61.1
+ @tailwindcss/postcss 4.3.2
+ @types/node 26.1.1
+ @types/react 19.2.17
+ @types/react-dom 19.2.3
+ @vitest/coverage-v8 4.1.10
+ drizzle-kit 0.31.10
+ eslint 9.39.4
+ eslint-config-next 16.2.10
+ postcss 8.5.16
+ prettier 3.9.4
+ tailwindcss 4.3.2
+ tsx 4.23.0
+ typescript 5.9.3
+ vitest 4.1.10

Done in 4s using pnpm v10.33.2
OK: install (frozen-lockfile)
== build ==

> pramana-ai@1.0.0 build /private/var/folders/bl/95y8zzh94c749n390s90ldzw0000gn/T/pramana-ci-clean-64824-1783625610
> next build

▲ Next.js 16.2.10 (Turbopack)

  Creating an optimized production build ...
✓ Compiled successfully in 2.5s
  Running TypeScript ...
  Finished TypeScript in 3.4s ...
  Collecting page data using 9 workers ...
  Generating static pages using 9 workers (0/28) ...
  Generating static pages using 9 workers (7/28) 
  Generating static pages using 9 workers (14/28) 
  Generating static pages using 9 workers (21/28) 
✓ Generating static pages using 9 workers (28/28) in 160ms
  Finalizing page optimization ...

Route (app)
┌ ○ /
├ ○ /_not-found
├ ƒ /api/audit/[id]/status
├ ƒ /api/auth/login
├ ƒ /api/auth/logout
├ ƒ /api/findings/[id]/rat
├ ƒ /api/gov/audit/run
├ ƒ /api/gov/koperasi/[id]
├ ƒ /api/gov/overview
├ ƒ /api/health
├ ƒ /api/member/findings
├ ƒ /api/member/flow
├ ƒ /api/member/summary
├ ƒ /api/member/verdict
├ ƒ /api/member/voice
├ ƒ /api/onboarding
├ ƒ /api/subjek/pinjaman
├ ƒ /api/subjek/rat
├ ƒ /api/subjek/recent
├ ƒ /api/subjek/transaksi
├ ƒ /api/vote
├ ○ /arus
├ ○ /beranda
├ ○ /daftar
├ ○ /login
├ ○ /pembukuan
├ ○ /pemerintah
├ ƒ /pemerintah/koperasi/[id]
├ ○ /profil
├ ○ /suara
├ ○ /temuan
└ ○ /uang


○  (Static)   prerendered as static content
ƒ  (Dynamic)  server-rendered on demand

OK: build
== test ==

> pramana-ai@1.0.0 test /private/var/folders/bl/95y8zzh94c749n390s90ldzw0000gn/T/pramana-ci-clean-64824-1783625610
> vitest run --coverage


 RUN  v4.1.10 /private/var/folders/bl/95y8zzh94c749n390s90ldzw0000gn/T/pramana-ci-clean-64824-1783625610
      Coverage enabled with v8

{"level":"error","requestId":"1d2b9d51-8fa2-4264-863a-acf08a058376","code":"UNAUTHORIZED","msg":"Anda perlu masuk untuk melanjutkan."}
{"level":"error","requestId":"5ada4983-fc08-4728-93eb-e5401dce98fc","code":"FORBIDDEN","msg":"Anda tidak memiliki akses ke sumber ini."}
{"level":"error","requestId":"ab6d45c4-3796-4964-82a2-74fa6a3eb4bd","code":"FORBIDDEN","msg":"Anda tidak memiliki akses ke sumber ini."}
{"level":"error","requestId":"7de7cf35-bce5-4f40-af1a-4890588ac508","code":"UNAUTHORIZED","msg":"Anda perlu masuk untuk melanjutkan."}
{"level":"error","requestId":"56704cc5-c1ea-4ce6-9ea2-6c38ec06a001","code":"FORBIDDEN","msg":"Anda tidak memiliki akses ke sumber ini."}
{"level":"error","requestId":"85fb41b8-b864-4080-85af-1967b228d563","code":"FORBIDDEN","msg":"Anda tidak memiliki akses ke sumber ini."}
{"level":"error","requestId":"25a1c86e-62b5-4f72-96fe-d1caf4a0782d","code":"UNAUTHORIZED","msg":"Anda perlu masuk untuk melanjutkan."}
{"level":"error","requestId":"6b21a0d8-c916-46f0-91c0-9de4606cc7a7","code":"FORBIDDEN","msg":"Anda tidak memiliki akses ke sumber ini."}
{"level":"error","requestId":"94afa19f-cde4-4a3a-9441-28b2bc25ce46","code":"FORBIDDEN","msg":"Anda tidak memiliki akses ke sumber ini."}
{"level":"error","requestId":"3d707cf8-f815-4e04-acf9-287847733be2","code":"UNAUTHORIZED","msg":"Anda perlu masuk untuk melanjutkan."}
{"level":"error","requestId":"f577f522-0642-4275-84be-30d94eef113f","code":"FORBIDDEN","msg":"Anda tidak memiliki akses ke sumber ini."}
{"level":"error","requestId":"f3b50582-bb5b-4cc0-8c33-838517bca724","code":"FORBIDDEN","msg":"Anda tidak memiliki akses ke sumber ini."}
{"level":"error","requestId":"78f20349-60b1-4205-ad4c-5b72e5455009","code":"UNAUTHORIZED","msg":"Anda perlu masuk untuk melanjutkan."}
{"level":"error","requestId":"0588f5d3-b11c-456d-9f58-478f3d18b86f","code":"FORBIDDEN","msg":"Anda tidak memiliki akses ke sumber ini."}
{"level":"error","requestId":"838d8f2f-5a67-4f34-aa39-bf681b7008d0","code":"FORBIDDEN","msg":"Anda tidak memiliki akses ke sumber ini."}
{"level":"error","requestId":"cd8fd215-d759-483c-ba1c-9557ecc0b08f","code":"UNAUTHORIZED","msg":"Anda perlu masuk untuk melanjutkan."}
{"level":"error","requestId":"5f41e52f-2f65-4660-b0a6-8ec9e4112d14","code":"FORBIDDEN","msg":"Anda tidak memiliki akses ke sumber ini."}
{"level":"error","requestId":"6b03d4e1-6769-4bc1-b696-2f11e95e710e","code":"FORBIDDEN","msg":"Anda tidak memiliki akses ke sumber ini."}
{"level":"error","requestId":"5e4835ab-4a90-4d5c-8423-b4d8c0814d4c","code":"UNAUTHORIZED","msg":"Anda perlu masuk untuk melanjutkan."}
{"level":"error","requestId":"eeb82f33-3a71-4db4-9124-afacd357248e","code":"VALIDATION","msg":"Pilihan suara tidak sah."}
{"level":"error","requestId":"cc221a0e-d3ea-4b92-8e2b-9a926fb8d447","code":"FORBIDDEN","msg":"Anda tidak memiliki akses ke sumber ini."}
{"level":"error","requestId":"b7c7d046-14c4-45b2-b890-7ac6f2dce43b","code":"FORBIDDEN","msg":"Anda tidak memiliki akses ke sumber ini."}
{"level":"error","requestId":"73ef51ba-bd51-49fc-804b-513f3c7c3802","code":"UNAUTHORIZED","msg":"Anda perlu masuk untuk melanjutkan."}
{"level":"error","requestId":"b86df8af-7a76-4968-bf8f-c78570bbb38f","code":"FORBIDDEN","msg":"Anda tidak memiliki akses ke sumber ini."}
{"level":"error","requestId":"14e85868-493d-498a-b274-9ef3d98ee92d","code":"FORBIDDEN","msg":"Anda tidak memiliki akses ke sumber ini."}
{"level":"error","requestId":"c9b9291f-b4f6-4129-9e26-36ed05ea81c0","code":"VALIDATION","msg":"Data transaksi tidak lengkap atau tidak sah."}
{"level":"error","requestId":"a4629078-bdfc-4cde-ad47-87f35ac665f8","code":"UNAUTHORIZED","msg":"Anda perlu masuk untuk melanjutkan."}
{"level":"error","requestId":"dbf18b66-0737-48b1-8479-0e0d420e2541","code":"FORBIDDEN","msg":"Anda tidak memiliki akses ke sumber ini."}
{"level":"error","requestId":"e15bdb2a-f3b9-4781-802a-8dbfef4ebde2","code":"FORBIDDEN","msg":"Anda tidak memiliki akses ke sumber ini."}
{"level":"error","requestId":"5d10627d-d16b-4d68-85d2-81f3ef672d00","code":"VALIDATION","msg":"Data pinjaman tidak lengkap atau tidak sah."}
{"level":"error","requestId":"85590a18-cfe5-417c-b13f-741617ddf2fa","code":"UNAUTHORIZED","msg":"Anda perlu masuk untuk melanjutkan."}
{"level":"error","requestId":"76c74642-e9d5-46ac-97ed-59a7d860e319","code":"FORBIDDEN","msg":"Anda tidak memiliki akses ke sumber ini."}
{"level":"error","requestId":"184a32cf-4b0d-45ee-9d69-36fb91a86331","code":"FORBIDDEN","msg":"Anda tidak memiliki akses ke sumber ini."}
{"level":"error","requestId":"1eea33e5-67a9-4fc2-87ea-37024c817d26","code":"VALIDATION","msg":"Status RAT tidak sah."}
{"level":"error","requestId":"3f7ce41b-273e-44a4-accc-760e3f1f7f4f","code":"UNAUTHORIZED","msg":"Anda perlu masuk untuk melanjutkan."}
{"level":"error","requestId":"43719aa2-c5b9-40b6-88c2-d047ae6fffe7","code":"FORBIDDEN","msg":"Anda tidak memiliki akses ke sumber ini."}
{"level":"error","requestId":"8217f994-99a8-44c3-8a46-808529525adc","code":"FORBIDDEN","msg":"Anda tidak memiliki akses ke sumber ini."}
{"level":"error","requestId":"7064b488-347a-4695-b637-12c68a932984","code":"UNAUTHORIZED","msg":"Anda perlu masuk untuk melanjutkan."}
{"level":"error","requestId":"a720e2d7-fedc-4037-9640-297c5dab0789","code":"FORBIDDEN","msg":"Anda tidak memiliki akses ke sumber ini."}
{"level":"error","requestId":"25b6dec0-19b3-4fe5-b0ad-954ce4c2a0c7","code":"FORBIDDEN","msg":"Anda tidak memiliki akses ke sumber ini."}
{"level":"error","requestId":"b8585ac0-3ac2-4d02-85d1-541da7123673","code":"UNAUTHORIZED","msg":"Anda perlu masuk untuk melanjutkan."}
{"level":"error","requestId":"8a18da65-345b-4a0d-aa8c-196cafdc251f","code":"FORBIDDEN","msg":"Anda tidak memiliki akses ke sumber ini."}
{"level":"error","requestId":"c1982d87-5684-4e32-8b4a-decfa83aaee2","code":"FORBIDDEN","msg":"Anda tidak memiliki akses ke sumber ini."}
{"level":"error","requestId":"3b9b8964-5327-47d8-914d-8181169ae6dc","code":"UNAUTHORIZED","msg":"Anda perlu masuk untuk melanjutkan."}
{"level":"error","requestId":"e3322a1b-8308-4a40-89dc-684835229e16","code":"FORBIDDEN","msg":"Anda tidak memiliki akses ke sumber ini."}
{"level":"error","requestId":"285087d2-6b0b-4989-a23f-e6ddecad56d9","code":"VALIDATION","msg":"koperasiId wajib diisi."}
{"level":"error","requestId":"3b58de69-9831-4a73-8e4a-40cea6cbe889","code":"FORBIDDEN","msg":"Anda tidak memiliki akses ke sumber ini."}
{"level":"error","requestId":"2a409b82-7f8f-4af0-b5b6-8aee41ed4fa0","code":"UNAUTHORIZED","msg":"Anda perlu masuk untuk melanjutkan."}
{"level":"error","requestId":"0886f4c1-88fd-4827-8f9f-a7f4a31aae31","code":"FORBIDDEN","msg":"Anda tidak memiliki akses ke sumber ini."}
{"level":"error","requestId":"4d7bce3e-7ec2-4765-8b35-f21d9af5fcd3","code":"FORBIDDEN","msg":"Anda tidak memiliki akses ke sumber ini."}
{"level":"error","requestId":"60fa7ffe-e520-425e-b03c-8454b64cc010","code":"UNAUTHORIZED","msg":"Email atau kata sandi belum tepat. Silakan coba lagi."}
{"level":"error","requestId":"47040fc7-183d-4b70-b8f9-ca9a489b5f51","code":"UNAUTHORIZED","msg":"Email atau kata sandi belum tepat. Silakan coba lagi."}
{"level":"error","requestId":"b11ff06b-543d-4e15-8403-d8d4de0e8eef","code":"UNAUTHORIZED","msg":"Email atau kata sandi belum tepat. Silakan coba lagi."}
{"level":"error","requestId":"be9a5641-54e3-43c4-b805-ded6af7808e1","code":"UNAUTHORIZED","msg":"Email atau kata sandi belum tepat. Silakan coba lagi."}
{"level":"error","requestId":"739eac9c-ac99-44f4-9b65-85354d7a49b8","code":"UNAUTHORIZED","msg":"Email atau kata sandi belum tepat. Silakan coba lagi."}
{"level":"error","requestId":"25e82067-9a0e-4976-a86f-e37f1312f745","code":"UNAUTHORIZED","msg":"Email atau kata sandi belum tepat. Silakan coba lagi."}
{"level":"error","requestId":"be4d8a69-ffb5-4ca9-859d-3bde3ca19ace","code":"UNAUTHORIZED","msg":"Terlalu banyak percobaan masuk. Silakan coba lagi dalam satu menit."}
{"level":"error","requestId":"6b87d615-68d9-4b6e-ae80-5550f1b6631e","code":"VALIDATION","msg":"Nomor NIK harus 16 angka. Silakan periksa kembali KTP Anda."}
{"level":"error","requestId":"01a1faa9-30b5-4a93-99d3-dd8e8c86532c","code":"VALIDATION","msg":"Pembelian wajib menyertakan nama dan alamat penjual."}
{"level":"error","requestId":"a58bd142-efd4-4159-8b11-62fe82b27c17","code":"NOT_FOUND","msg":"hilang"}
{"level":"error","requestId":"9bbc1a58-0cf3-42ae-94d3-5c29f628b1b5","code":"INTERNAL","msg":"unhandled error","err":"Error"}
